2024-10-30T18:41:07.520339+00:00 INFO 'ansible_navigator.setup_logger' New ansible-navigator instance, logging initialized
2024-10-30T18:41:07.520544+00:00 INFO 'ansible_navigator.setup_logger' New ansible-runner instance, logging initialized
2024-10-30T18:41:07.520579+00:00 DEBUG 'ansible_navigator.main' Automat==20.2.0 
2024-10-30T18:41:07.520601+00:00 DEBUG 'ansible_navigator.main' Babel==2.8.0 
2024-10-30T18:41:07.520620+00:00 DEBUG 'ansible_navigator.main' Jinja2==3.0.3 
2024-10-30T18:41:07.520638+00:00 DEBUG 'ansible_navigator.main' MarkupSafe==2.0.1 
2024-10-30T18:41:07.520655+00:00 DEBUG 'ansible_navigator.main' Parsley==1.3 
2024-10-30T18:41:07.520670+00:00 DEBUG 'ansible_navigator.main' PyGObject==3.42.1 
2024-10-30T18:41:07.520686+00:00 DEBUG 'ansible_navigator.main' PyHamcrest==2.0.2 
2024-10-30T18:41:07.520701+00:00 DEBUG 'ansible_navigator.main' PyJWT==2.3.0 
2024-10-30T18:41:07.520716+00:00 DEBUG 'ansible_navigator.main' PyYAML==5.4.1 
2024-10-30T18:41:07.520732+00:00 DEBUG 'ansible_navigator.main' SecretStorage==3.3.1 
2024-10-30T18:41:07.520747+00:00 DEBUG 'ansible_navigator.main' Twisted==22.1.0 
2024-10-30T18:41:07.520762+00:00 DEBUG 'ansible_navigator.main' ansible-builder==3.1.0 
2024-10-30T18:41:07.520777+00:00 DEBUG 'ansible_navigator.main' ansible-compat==24.9.1 
2024-10-30T18:41:07.520791+00:00 DEBUG 'ansible_navigator.main' ansible-core==2.17.5 
2024-10-30T18:41:07.520806+00:00 DEBUG 'ansible_navigator.main' ansible-lint==24.9.2 
2024-10-30T18:41:07.520821+00:00 DEBUG 'ansible_navigator.main' ansible-navigator==24.9.0 
2024-10-30T18:41:07.520836+00:00 DEBUG 'ansible_navigator.main' ansible-runner==2.4.0 
2024-10-30T18:41:07.520850+00:00 DEBUG 'ansible_navigator.main' attrs==24.2.0 /home/nlarson/.local/lib/python3.10/site-packages/attrs/__init__.py
2024-10-30T18:41:07.520865+00:00 DEBUG 'ansible_navigator.main' bcrypt==3.2.0 /usr/lib/python3/dist-packages/bcrypt/__init__.py
2024-10-30T18:41:07.520880+00:00 DEBUG 'ansible_navigator.main' bindep==2.11.0 /home/nlarson/.local/lib/python3.10/site-packages/bindep/__init__.py
2024-10-30T18:41:07.520895+00:00 DEBUG 'ansible_navigator.main' certifi==2020.6.20 /usr/lib/python3/dist-packages/certifi/__init__.py
2024-10-30T18:41:07.520910+00:00 DEBUG 'ansible_navigator.main' cffi==1.17.1 /home/nlarson/.local/lib/python3.10/site-packages/cffi/__init__.py
2024-10-30T18:41:07.520926+00:00 DEBUG 'ansible_navigator.main' chardet==4.0.0 /usr/lib/python3/dist-packages/chardet/__init__.py
2024-10-30T18:41:07.520941+00:00 DEBUG 'ansible_navigator.main' click==8.0.3 /usr/lib/python3/dist-packages/click/__init__.py
2024-10-30T18:41:07.520957+00:00 DEBUG 'ansible_navigator.main' cloud-init==23.1.2 
2024-10-30T18:41:07.520972+00:00 DEBUG 'ansible_navigator.main' colorama==0.4.4 /usr/lib/python3/dist-packages/colorama/__init__.py
2024-10-30T18:41:07.520986+00:00 DEBUG 'ansible_navigator.main' configobj==5.0.6 /usr/lib/python3/dist-packages/configobj.py
2024-10-30T18:41:07.521001+00:00 DEBUG 'ansible_navigator.main' constantly==15.1.0 /usr/lib/python3/dist-packages/constantly/__init__.py
2024-10-30T18:41:07.521016+00:00 DEBUG 'ansible_navigator.main' cryptography==3.4.8 /usr/lib/python3/dist-packages/cryptography/__init__.py
2024-10-30T18:41:07.521031+00:00 DEBUG 'ansible_navigator.main' dbus-python==1.2.18 
2024-10-30T18:41:07.521045+00:00 DEBUG 'ansible_navigator.main' distro-info==1.1build1 
2024-10-30T18:41:07.521060+00:00 DEBUG 'ansible_navigator.main' distro==1.7.0 /usr/lib/python3/dist-packages/distro/__init__.py
2024-10-30T18:41:07.521075+00:00 DEBUG 'ansible_navigator.main' greenlet==1.1.2 /usr/lib/python3/dist-packages/greenlet/__init__.py
2024-10-30T18:41:07.521089+00:00 DEBUG 'ansible_navigator.main' httplib2==0.20.2 /usr/lib/python3/dist-packages/httplib2/__init__.py
2024-10-30T18:41:07.521103+00:00 DEBUG 'ansible_navigator.main' hyperlink==21.0.0 /usr/lib/python3/dist-packages/hyperlink/__init__.py
2024-10-30T18:41:07.521118+00:00 DEBUG 'ansible_navigator.main' idna==3.3 /usr/lib/python3/dist-packages/idna/__init__.py
2024-10-30T18:41:07.521132+00:00 DEBUG 'ansible_navigator.main' importlib-metadata==4.6.4 
2024-10-30T18:41:07.521150+00:00 DEBUG 'ansible_navigator.main' incremental==21.3.0 /usr/lib/python3/dist-packages/incremental/__init__.py
2024-10-30T18:41:07.521166+00:00 DEBUG 'ansible_navigator.main' jsonpatch==1.32 /usr/lib/python3/dist-packages/jsonpatch.py
2024-10-30T18:41:07.521181+00:00 DEBUG 'ansible_navigator.main' jsonpointer==2.0 /usr/lib/python3/dist-packages/jsonpointer.py
2024-10-30T18:41:07.521195+00:00 DEBUG 'ansible_navigator.main' jsonschema==4.23.0 /home/nlarson/.local/lib/python3.10/site-packages/jsonschema/__init__.py
2024-10-30T18:41:07.521209+00:00 DEBUG 'ansible_navigator.main' keyring==23.5.0 /usr/lib/python3/dist-packages/keyring/__init__.py
2024-10-30T18:41:07.521223+00:00 DEBUG 'ansible_navigator.main' launchpadlib==1.10.16 /usr/lib/python3/dist-packages/launchpadlib/__init__.py
2024-10-30T18:41:07.521237+00:00 DEBUG 'ansible_navigator.main' lazr.restfulclient==0.14.4 /usr/lib/python3/dist-packages/lazr/restfulclient/__init__.py
2024-10-30T18:41:07.521251+00:00 DEBUG 'ansible_navigator.main' lazr.uri==1.0.6 /usr/lib/python3/dist-packages/lazr/uri/__init__.py
2024-10-30T18:41:07.521266+00:00 DEBUG 'ansible_navigator.main' lockfile==0.12.2 /home/nlarson/.local/lib/python3.10/site-packages/lockfile/__init__.py
2024-10-30T18:41:07.521280+00:00 DEBUG 'ansible_navigator.main' more-itertools==8.10.0 
2024-10-30T18:41:07.521294+00:00 DEBUG 'ansible_navigator.main' msgpack==1.0.3 /usr/lib/python3/dist-packages/msgpack/__init__.py
2024-10-30T18:41:07.521308+00:00 DEBUG 'ansible_navigator.main' mypy-extensions==1.0.0 
2024-10-30T18:41:07.521322+00:00 DEBUG 'ansible_navigator.main' netifaces==0.11.0 /usr/lib/python3/dist-packages/netifaces.cpython-310-x86_64-linux-gnu.so
2024-10-30T18:41:07.521336+00:00 DEBUG 'ansible_navigator.main' oauthlib==3.2.0 /usr/lib/python3/dist-packages/oauthlib/__init__.py
2024-10-30T18:41:07.521350+00:00 DEBUG 'ansible_navigator.main' onigurumacffi==1.3.0 /home/nlarson/.local/lib/python3.10/site-packages/onigurumacffi.py
2024-10-30T18:41:07.521364+00:00 DEBUG 'ansible_navigator.main' pbr==6.1.0 /home/nlarson/.local/lib/python3.10/site-packages/pbr/__init__.py
2024-10-30T18:41:07.521378+00:00 DEBUG 'ansible_navigator.main' pip==24.3.1 /home/nlarson/.local/lib/python3.10/site-packages/pip/__init__.py
2024-10-30T18:41:07.521392+00:00 DEBUG 'ansible_navigator.main' pyOpenSSL==21.0.0 
2024-10-30T18:41:07.521406+00:00 DEBUG 'ansible_navigator.main' pyasn1==0.4.8 /usr/lib/python3/dist-packages/pyasn1/__init__.py
2024-10-30T18:41:07.521420+00:00 DEBUG 'ansible_navigator.main' pycparser==2.22 /home/nlarson/.local/lib/python3.10/site-packages/pycparser/__init__.py
2024-10-30T18:41:07.521435+00:00 DEBUG 'ansible_navigator.main' pynvim==0.4.2 /usr/lib/python3/dist-packages/pynvim/__init__.py
2024-10-30T18:41:07.521449+00:00 DEBUG 'ansible_navigator.main' pyparsing==2.4.7 /usr/lib/python3/dist-packages/pyparsing.py
2024-10-30T18:41:07.521462+00:00 DEBUG 'ansible_navigator.main' pyrsistent==0.18.1 /usr/lib/python3/dist-packages/pyrsistent/__init__.py
2024-10-30T18:41:07.521476+00:00 DEBUG 'ansible_navigator.main' pyserial==3.5 
2024-10-30T18:41:07.521490+00:00 DEBUG 'ansible_navigator.main' python-apt==2.3.0+ubuntu2.1 
2024-10-30T18:41:07.521504+00:00 DEBUG 'ansible_navigator.main' python-daemon==3.1.0 
2024-10-30T18:41:07.521518+00:00 DEBUG 'ansible_navigator.main' python-debian==0.1.43ubuntu1 
2024-10-30T18:41:07.521532+00:00 DEBUG 'ansible_navigator.main' pytz==2022.1 /usr/lib/python3/dist-packages/pytz/__init__.py
2024-10-30T18:41:07.521547+00:00 DEBUG 'ansible_navigator.main' requests==2.25.1 /usr/lib/python3/dist-packages/requests/__init__.py
2024-10-30T18:41:07.521561+00:00 DEBUG 'ansible_navigator.main' resolvelib==1.0.1 /home/nlarson/.local/lib/python3.10/site-packages/resolvelib/__init__.py
2024-10-30T18:41:07.521575+00:00 DEBUG 'ansible_navigator.main' ruamel.yaml.clib==0.2.12 
2024-10-30T18:41:07.521589+00:00 DEBUG 'ansible_navigator.main' ruamel.yaml==0.18.6 /home/nlarson/.local/lib/python3.10/site-packages/ruamel/yaml/__init__.py
2024-10-30T18:41:07.521605+00:00 DEBUG 'ansible_navigator.main' service-identity==18.1.0 
2024-10-30T18:41:07.521621+00:00 DEBUG 'ansible_navigator.main' setuptools==75.3.0 /home/nlarson/.local/lib/python3.10/site-packages/setuptools/__init__.py
2024-10-30T18:41:07.521635+00:00 DEBUG 'ansible_navigator.main' six==1.16.0 /usr/lib/python3/dist-packages/six.py
2024-10-30T18:41:07.521649+00:00 DEBUG 'ansible_navigator.main' ssh-import-id==5.11 
2024-10-30T18:41:07.521663+00:00 DEBUG 'ansible_navigator.main' subprocess-tee==0.4.2 
2024-10-30T18:41:07.521677+00:00 DEBUG 'ansible_navigator.main' tzdata==2024.2 /home/nlarson/.local/lib/python3.10/site-packages/tzdata/__init__.py
2024-10-30T18:41:07.521691+00:00 DEBUG 'ansible_navigator.main' ubuntu-advantage-tools==27.9 
2024-10-30T18:41:07.521705+00:00 DEBUG 'ansible_navigator.main' ubuntu-drivers-common==0.0.0 
2024-10-30T18:41:07.521719+00:00 DEBUG 'ansible_navigator.main' urllib3==1.26.5 /usr/lib/python3/dist-packages/urllib3/__init__.py
2024-10-30T18:41:07.521733+00:00 DEBUG 'ansible_navigator.main' wadllib==1.3.6 /usr/lib/python3/dist-packages/wadllib/__init__.py
2024-10-30T18:41:07.521747+00:00 DEBUG 'ansible_navigator.main' wheel==0.37.1 /usr/lib/python3/dist-packages/wheel/__init__.py
2024-10-30T18:41:07.521761+00:00 DEBUG 'ansible_navigator.main' yamllint==1.35.1 /home/nlarson/.local/lib/python3.10/site-packages/yamllint/__init__.py
2024-10-30T18:41:07.521775+00:00 DEBUG 'ansible_navigator.main' zipp==1.0.0 /usr/lib/python3/dist-packages/zipp.py
2024-10-30T18:41:07.521788+00:00 DEBUG 'ansible_navigator.main' zope.interface==5.4.0 /usr/lib/python3/dist-packages/zope/interface/__init__.py
2024-10-30T18:41:07.521802+00:00 DEBUG 'ansible_navigator.main' Default collection_doc_cache_path set to: /home/nlarson/.cache/ansible-navigator/collection_doc_cache.db
2024-10-30T18:41:07.521816+00:00 DEBUG 'ansible_navigator.main' EDITOR environment variable not set
2024-10-30T18:41:07.521831+00:00 DEBUG 'ansible_navigator.main' Default editor_command set to: vi +{line_number} {filename}
2024-10-30T18:41:07.521845+00:00 DEBUG 'ansible_navigator.main' No config file set by ANSIBLE_NAVIGATOR_CONFIG
2024-10-30T18:41:07.521858+00:00 DEBUG 'ansible_navigator.main' Looking in /home/nlarson/.ansible-navigator
2024-10-30T18:41:07.521872+00:00 DEBUG 'ansible_navigator.main' Looking for '/home/nlarson/.ansible-navigator.yml', '/home/nlarson/.ansible-navigator.yaml' and '/home/nlarson/.ansible-navigator.json'
2024-10-30T18:41:07.521886+00:00 DEBUG 'ansible_navigator.main' Found 1: '/home/nlarson/.ansible-navigator.yml'
2024-10-30T18:41:07.521900+00:00 DEBUG 'ansible_navigator.main' Looking in /home/nlarson/playbooks/utils/roles/lab_config/tasks/ansible-navigator
2024-10-30T18:41:07.521914+00:00 DEBUG 'ansible_navigator.main' Looking for '/home/nlarson/playbooks/utils/roles/lab_config/tasks/ansible-navigator.yml', '/home/nlarson/playbooks/utils/roles/lab_config/tasks/ansible-navigator.yaml' and '/home/nlarson/playbooks/utils/roles/lab_config/tasks/ansible-navigator.json'
2024-10-30T18:41:07.521933+00:00 DEBUG 'ansible_navigator.main' Found 0: 
2024-10-30T18:41:07.521949+00:00 DEBUG 'ansible_navigator.main' All found 1: '/home/nlarson/.ansible-navigator.yml'
2024-10-30T18:41:07.521965+00:00 DEBUG 'ansible_navigator.main' Using: /home/nlarson/.ansible-navigator.yml
2024-10-30T18:41:07.521979+00:00 DEBUG 'ansible_navigator.main' Using settings file at /home/nlarson/.ansible-navigator.yml in search path
2024-10-30T18:41:07.521993+00:00 DEBUG 'ansible_navigator.main' Command provided: 'main.yml -m stdout -i ../../../../hosts'
2024-10-30T18:41:07.522007+00:00 DEBUG 'ansible_navigator.main' ansible-navigator.ansible-runner.artifact-dir not found in settings file
2024-10-30T18:41:07.522022+00:00 DEBUG 'ansible_navigator.main' ansible-navigator.ansible-runner.rotate-artifacts-count not found in settings file
2024-10-30T18:41:07.522036+00:00 DEBUG 'ansible_navigator.main' ansible-navigator.ansible-runner.timeout not found in settings file
2024-10-30T18:41:07.522050+00:00 DEBUG 'ansible_navigator.main' ansible-navigator.ansible-runner.job-events not found in settings file
2024-10-30T18:41:07.522067+00:00 DEBUG 'ansible_navigator.main' ansible-navigator.app not found in settings file
2024-10-30T18:41:07.522082+00:00 DEBUG 'ansible_navigator.main' ansible-navigator.ansible.cmdline not found in settings file
2024-10-30T18:41:07.522097+00:00 DEBUG 'ansible_navigator.main' ansible-navigator.collection-doc-cache-path not found in settings file
2024-10-30T18:41:07.522111+00:00 DEBUG 'ansible_navigator.main' ansible-navigator.ansible.config.path not found in settings file
2024-10-30T18:41:07.522125+00:00 DEBUG 'ansible_navigator.main' ansible-navigator.execution-environment.container-options not found in settings file
2024-10-30T18:41:07.522139+00:00 DEBUG 'ansible_navigator.main' ansible-navigator.color.enable not found in settings file
2024-10-30T18:41:07.522152+00:00 DEBUG 'ansible_navigator.main' ansible-navigator.editor.command not found in settings file
2024-10-30T18:41:07.522166+00:00 DEBUG 'ansible_navigator.main' ansible-navigator.editor.console not found in settings file
2024-10-30T18:41:07.522179+00:00 DEBUG 'ansible_navigator.main' ansible-navigator.enable-prompts not found in settings file
2024-10-30T18:41:07.522193+00:00 DEBUG 'ansible_navigator.main' ansible-navigator.exec.command not found in settings file
2024-10-30T18:41:07.522206+00:00 DEBUG 'ansible_navigator.main' ansible-navigator.exec.shell not found in settings file
2024-10-30T18:41:07.522220+00:00 DEBUG 'ansible_navigator.main' ansible-navigator.execution-environment.volume-mounts not found in settings file
2024-10-30T18:41:07.522233+00:00 DEBUG 'ansible_navigator.main' ansible-navigator.format not found in settings file
2024-10-30T18:41:07.522248+00:00 DEBUG 'ansible_navigator.main' ansible-navigator.ansible-builder.help not found in settings file
2024-10-30T18:41:07.522262+00:00 DEBUG 'ansible_navigator.main' ansible-navigator.ansible.config.help not found in settings file
2024-10-30T18:41:07.522276+00:00 DEBUG 'ansible_navigator.main' ansible-navigator.ansible.doc.help not found in settings file
2024-10-30T18:41:07.522290+00:00 DEBUG 'ansible_navigator.main' ansible-navigator.ansible.inventory.help not found in settings file
2024-10-30T18:41:07.522304+00:00 DEBUG 'ansible_navigator.main' ansible-navigator.ansible.playbook.help not found in settings file
2024-10-30T18:41:07.522317+00:00 DEBUG 'ansible_navigator.main' ansible-navigator.images.details not found in settings file
2024-10-30T18:41:07.522330+00:00 DEBUG 'ansible_navigator.main' ansible-navigator.ansible.inventory.entries not found in settings file
2024-10-30T18:41:07.522344+00:00 DEBUG 'ansible_navigator.main' ansible-navigator.inventory-columns not found in settings file
2024-10-30T18:41:07.522358+00:00 DEBUG 'ansible_navigator.main' ansible-navigator.ansible-lint.config not found in settings file
2024-10-30T18:41:07.522372+00:00 DEBUG 'ansible_navigator.main' ansible-navigator.ansible-lint.lintables not found in settings file
2024-10-30T18:41:07.522385+00:00 DEBUG 'ansible_navigator.main' ansible-navigator.logging.append not found in settings file
2024-10-30T18:41:07.522399+00:00 DEBUG 'ansible_navigator.main' ansible-navigator.logging.file not found in settings file
2024-10-30T18:41:07.522412+00:00 DEBUG 'ansible_navigator.main' ansible-navigator.logging.level not found in settings file
2024-10-30T18:41:07.522426+00:00 DEBUG 'ansible_navigator.main' ansible-navigator.mode not found in settings file
2024-10-30T18:41:07.522439+00:00 DEBUG 'ansible_navigator.main' ansible-navigator.color.osc4 not found in settings file
2024-10-30T18:41:07.522453+00:00 DEBUG 'ansible_navigator.main' ansible-navigator.execution-environment.environment-variables.pass not found in settings file
2024-10-30T18:41:07.522467+00:00 DEBUG 'ansible_navigator.main' ansible-navigator.ansible.playbook.path not found in settings file
2024-10-30T18:41:07.522480+00:00 DEBUG 'ansible_navigator.main' ansible-navigator.playbook-artifact.replay not found in settings file
2024-10-30T18:41:07.522494+00:00 DEBUG 'ansible_navigator.main' ansible-navigator.playbook-artifact.save-as not found in settings file
2024-10-30T18:41:07.522510+00:00 DEBUG 'ansible_navigator.main' ansible-navigator.ansible.doc.plugin.name not found in settings file
2024-10-30T18:41:07.522526+00:00 DEBUG 'ansible_navigator.main' ansible-navigator.ansible.doc.plugin.type not found in settings file
2024-10-30T18:41:07.522540+00:00 DEBUG 'ansible_navigator.main' ansible-navigator.execution-environment.pull.arguments not found in settings file
2024-10-30T18:41:07.522554+00:00 DEBUG 'ansible_navigator.main' ansible-navigator.execution-environment.environment-variables.set not found in settings file
2024-10-30T18:41:07.522568+00:00 DEBUG 'ansible_navigator.main' ansible-navigator.settings.effective not found in settings file
2024-10-30T18:41:07.522582+00:00 DEBUG 'ansible_navigator.main' ansible-navigator.settings.sample not found in settings file
2024-10-30T18:41:07.522595+00:00 DEBUG 'ansible_navigator.main' ansible-navigator.settings.schema not found in settings file
2024-10-30T18:41:07.522609+00:00 DEBUG 'ansible_navigator.main' ansible-navigator.settings.sources not found in settings file
2024-10-30T18:41:07.522623+00:00 DEBUG 'ansible_navigator.main' ansible-navigator.time-zone not found in settings file
2024-10-30T18:41:07.522637+00:00 DEBUG 'ansible_navigator.main' ansible-navigator.ansible-builder.workdir not found in settings file
2024-10-30T18:41:07.522652+00:00 WARNING 'ansible_navigator.main' Configuration errors encountered, rolling back to previous configuration.
2024-10-30T18:41:07.522667+00:00 DEBUG 'ansible_navigator.main' Prior to rollback: ansible_runner_artifact_dir = 'Not set' (Constants/Not set)
2024-10-30T18:41:07.522682+00:00 DEBUG 'ansible_navigator.main' Prior to rollback: ansible_runner_rotate_artifacts_count = 'Not set' (Constants/Not set)
2024-10-30T18:41:07.522696+00:00 DEBUG 'ansible_navigator.main' Prior to rollback: ansible_runner_timeout = 'Not set' (Constants/Not set)
2024-10-30T18:41:07.522709+00:00 DEBUG 'ansible_navigator.main' Prior to rollback: ansible_runner_write_job_events = 'False' (bool/Defaults)
2024-10-30T18:41:07.522722+00:00 DEBUG 'ansible_navigator.main' Prior to rollback: app = 'welcome' (str/Defaults)
2024-10-30T18:41:07.522736+00:00 DEBUG 'ansible_navigator.main' Prior to rollback: cmdline = '['main.yml', '-m', 'stdout', '-i', '../../../../hosts']' (list/Command line)
2024-10-30T18:41:07.522750+00:00 DEBUG 'ansible_navigator.main' Prior to rollback: collection_doc_cache_path = '/home/nlarson/.cache/ansible-navigator/collection_doc_cache.db' (str/Defaults)
2024-10-30T18:41:07.522764+00:00 DEBUG 'ansible_navigator.main' Prior to rollback: config = 'Not set' (Constants/Not set)
2024-10-30T18:41:07.522778+00:00 DEBUG 'ansible_navigator.main' Prior to rollback: container_engine = 'podman' (str/Settings file)
2024-10-30T18:41:07.522792+00:00 DEBUG 'ansible_navigator.main' Prior to rollback: container_options = 'Not set' (Constants/Not set)
2024-10-30T18:41:07.522806+00:00 DEBUG 'ansible_navigator.main' Prior to rollback: display_color = 'True' (bool/Defaults)
2024-10-30T18:41:07.522820+00:00 DEBUG 'ansible_navigator.main' Prior to rollback: editor_command = 'vi +{line_number} {filename}' (str/Defaults)
2024-10-30T18:41:07.522833+00:00 DEBUG 'ansible_navigator.main' Prior to rollback: editor_console = 'True' (bool/Defaults)
2024-10-30T18:41:07.522847+00:00 DEBUG 'ansible_navigator.main' Prior to rollback: enable_prompts = 'False' (bool/Defaults)
2024-10-30T18:41:07.522861+00:00 DEBUG 'ansible_navigator.main' Prior to rollback: exec_command = '/bin/bash' (str/Defaults)
2024-10-30T18:41:07.522875+00:00 DEBUG 'ansible_navigator.main' Prior to rollback: exec_shell = 'True' (bool/Defaults)
2024-10-30T18:41:07.522889+00:00 DEBUG 'ansible_navigator.main' Prior to rollback: execution_environment = 'True' (bool/Settings file)
2024-10-30T18:41:07.522903+00:00 DEBUG 'ansible_navigator.main' Prior to rollback: execution_environment_image = 'basic_ee:latest' (str/Settings file)
2024-10-30T18:41:07.522917+00:00 DEBUG 'ansible_navigator.main' Prior to rollback: execution_environment_volume_mounts = 'Not set' (Constants/Not set)
2024-10-30T18:41:07.522934+00:00 DEBUG 'ansible_navigator.main' Prior to rollback: format = 'yaml' (str/Defaults)
2024-10-30T18:41:07.522949+00:00 DEBUG 'ansible_navigator.main' Prior to rollback: help_builder = 'False' (bool/Defaults)
2024-10-30T18:41:07.522963+00:00 DEBUG 'ansible_navigator.main' Prior to rollback: help_config = 'False' (bool/Defaults)
2024-10-30T18:41:07.522977+00:00 DEBUG 'ansible_navigator.main' Prior to rollback: help_doc = 'False' (bool/Defaults)
2024-10-30T18:41:07.522991+00:00 DEBUG 'ansible_navigator.main' Prior to rollback: help_inventory = 'False' (bool/Defaults)
2024-10-30T18:41:07.523005+00:00 DEBUG 'ansible_navigator.main' Prior to rollback: help_playbook = 'False' (bool/Defaults)
2024-10-30T18:41:07.523018+00:00 DEBUG 'ansible_navigator.main' Prior to rollback: images_details = '['everything']' (list/Defaults)
2024-10-30T18:41:07.523032+00:00 DEBUG 'ansible_navigator.main' Prior to rollback: inventory = 'Not set' (Constants/Not set)
2024-10-30T18:41:07.523046+00:00 DEBUG 'ansible_navigator.main' Prior to rollback: inventory_column = 'Not set' (Constants/Not set)
2024-10-30T18:41:07.523059+00:00 DEBUG 'ansible_navigator.main' Prior to rollback: lint_config = 'Not set' (Constants/Not set)
2024-10-30T18:41:07.523073+00:00 DEBUG 'ansible_navigator.main' Prior to rollback: lintables = 'Not set' (Constants/Not set)
2024-10-30T18:41:07.523087+00:00 DEBUG 'ansible_navigator.main' Prior to rollback: log_append = 'True' (bool/Defaults)
2024-10-30T18:41:07.523100+00:00 DEBUG 'ansible_navigator.main' Prior to rollback: log_file = '/home/nlarson/playbooks/utils/roles/lab_config/tasks/ansible-navigator.log' (str/Defaults)
2024-10-30T18:41:07.523114+00:00 DEBUG 'ansible_navigator.main' Prior to rollback: log_level = 'warning' (str/Defaults)
2024-10-30T18:41:07.523128+00:00 DEBUG 'ansible_navigator.main' Prior to rollback: mode = 'interactive' (str/Defaults)
2024-10-30T18:41:07.523141+00:00 DEBUG 'ansible_navigator.main' Prior to rollback: osc4 = 'True' (bool/Defaults)
2024-10-30T18:41:07.523155+00:00 DEBUG 'ansible_navigator.main' Prior to rollback: pass_environment_variable = 'Not set' (Constants/Not set)
2024-10-30T18:41:07.523168+00:00 DEBUG 'ansible_navigator.main' Prior to rollback: playbook = 'Not set' (Constants/Not set)
2024-10-30T18:41:07.523182+00:00 DEBUG 'ansible_navigator.main' Prior to rollback: playbook_artifact_enable = 'False' (bool/Settings file)
2024-10-30T18:41:07.523196+00:00 DEBUG 'ansible_navigator.main' Prior to rollback: playbook_artifact_replay = 'Not set' (Constants/Not set)
2024-10-30T18:41:07.523210+00:00 DEBUG 'ansible_navigator.main' Prior to rollback: playbook_artifact_save_as = '{playbook_dir}/{playbook_name}-artifact-{time_stamp}.json' (str/Defaults)
2024-10-30T18:41:07.523224+00:00 DEBUG 'ansible_navigator.main' Prior to rollback: plugin_name = 'Not set' (Constants/Not set)
2024-10-30T18:41:07.523238+00:00 DEBUG 'ansible_navigator.main' Prior to rollback: plugin_type = 'module' (str/Defaults)
2024-10-30T18:41:07.523251+00:00 DEBUG 'ansible_navigator.main' Prior to rollback: pull_arguments = 'Not set' (Constants/Not set)
2024-10-30T18:41:07.523265+00:00 DEBUG 'ansible_navigator.main' Prior to rollback: pull_policy = 'never' (str/Settings file)
2024-10-30T18:41:07.523278+00:00 DEBUG 'ansible_navigator.main' Prior to rollback: set_environment_variable = 'Not set' (Constants/Not set)
2024-10-30T18:41:07.523293+00:00 DEBUG 'ansible_navigator.main' Prior to rollback: settings_effective = 'False' (bool/Defaults)
2024-10-30T18:41:07.523307+00:00 DEBUG 'ansible_navigator.main' Prior to rollback: settings_sample = 'False' (bool/Defaults)
2024-10-30T18:41:07.523320+00:00 DEBUG 'ansible_navigator.main' Prior to rollback: settings_schema = 'json' (str/Defaults)
2024-10-30T18:41:07.523334+00:00 DEBUG 'ansible_navigator.main' Prior to rollback: settings_sources = 'False' (bool/Defaults)
2024-10-30T18:41:07.523347+00:00 DEBUG 'ansible_navigator.main' Prior to rollback: time_zone = 'UTC' (str/Defaults)
2024-10-30T18:41:07.523361+00:00 DEBUG 'ansible_navigator.main' Prior to rollback: workdir = '/home/nlarson/playbooks/utils/roles/lab_config/tasks' (str/Defaults)
2024-10-30T18:41:07.523377+00:00 DEBUG 'ansible_navigator.main' After rollback: ansible_runner_artifact_dir = 'Not set' (Constants/Not set)
2024-10-30T18:41:07.523392+00:00 DEBUG 'ansible_navigator.main' After rollback: ansible_runner_rotate_artifacts_count = 'Not set' (Constants/Not set)
2024-10-30T18:41:07.523406+00:00 DEBUG 'ansible_navigator.main' After rollback: ansible_runner_timeout = 'Not set' (Constants/Not set)
2024-10-30T18:41:07.523420+00:00 DEBUG 'ansible_navigator.main' After rollback: ansible_runner_write_job_events = 'Not set' (Constants/Not set)
2024-10-30T18:41:07.523434+00:00 DEBUG 'ansible_navigator.main' After rollback: app = 'Not set' (Constants/Not set)
2024-10-30T18:41:07.523448+00:00 DEBUG 'ansible_navigator.main' After rollback: cmdline = 'Not set' (Constants/Not set)
2024-10-30T18:41:07.523461+00:00 DEBUG 'ansible_navigator.main' After rollback: collection_doc_cache_path = 'Not set' (Constants/Not set)
2024-10-30T18:41:07.523475+00:00 DEBUG 'ansible_navigator.main' After rollback: config = 'Not set' (Constants/Not set)
2024-10-30T18:41:07.523490+00:00 DEBUG 'ansible_navigator.main' After rollback: container_engine = 'Not set' (Constants/Not set)
2024-10-30T18:41:07.523504+00:00 DEBUG 'ansible_navigator.main' After rollback: container_options = 'Not set' (Constants/Not set)
2024-10-30T18:41:07.523519+00:00 DEBUG 'ansible_navigator.main' After rollback: display_color = 'Not set' (Constants/Not set)
2024-10-30T18:41:07.523533+00:00 DEBUG 'ansible_navigator.main' After rollback: editor_command = 'Not set' (Constants/Not set)
2024-10-30T18:41:07.523547+00:00 DEBUG 'ansible_navigator.main' After rollback: editor_console = 'Not set' (Constants/Not set)
2024-10-30T18:41:07.523561+00:00 DEBUG 'ansible_navigator.main' After rollback: enable_prompts = 'Not set' (Constants/Not set)
2024-10-30T18:41:07.523576+00:00 DEBUG 'ansible_navigator.main' After rollback: exec_command = 'Not set' (Constants/Not set)
2024-10-30T18:41:07.523590+00:00 DEBUG 'ansible_navigator.main' After rollback: exec_shell = 'Not set' (Constants/Not set)
2024-10-30T18:41:07.523603+00:00 DEBUG 'ansible_navigator.main' After rollback: execution_environment = 'Not set' (Constants/Not set)
2024-10-30T18:41:07.523617+00:00 DEBUG 'ansible_navigator.main' After rollback: execution_environment_image = 'Not set' (Constants/Not set)
2024-10-30T18:41:07.523631+00:00 DEBUG 'ansible_navigator.main' After rollback: execution_environment_volume_mounts = 'Not set' (Constants/Not set)
2024-10-30T18:41:07.523645+00:00 DEBUG 'ansible_navigator.main' After rollback: format = 'Not set' (Constants/Not set)
2024-10-30T18:41:07.523659+00:00 DEBUG 'ansible_navigator.main' After rollback: help_builder = 'Not set' (Constants/Not set)
2024-10-30T18:41:07.523672+00:00 DEBUG 'ansible_navigator.main' After rollback: help_config = 'Not set' (Constants/Not set)
2024-10-30T18:41:07.523686+00:00 DEBUG 'ansible_navigator.main' After rollback: help_doc = 'Not set' (Constants/Not set)
2024-10-30T18:41:07.523700+00:00 DEBUG 'ansible_navigator.main' After rollback: help_inventory = 'Not set' (Constants/Not set)
2024-10-30T18:41:07.523713+00:00 DEBUG 'ansible_navigator.main' After rollback: help_playbook = 'Not set' (Constants/Not set)
2024-10-30T18:41:07.523727+00:00 DEBUG 'ansible_navigator.main' After rollback: images_details = 'Not set' (Constants/Not set)
2024-10-30T18:41:07.523740+00:00 DEBUG 'ansible_navigator.main' After rollback: inventory = 'Not set' (Constants/Not set)
2024-10-30T18:41:07.523754+00:00 DEBUG 'ansible_navigator.main' After rollback: inventory_column = 'Not set' (Constants/Not set)
2024-10-30T18:41:07.523768+00:00 DEBUG 'ansible_navigator.main' After rollback: lint_config = 'Not set' (Constants/Not set)
2024-10-30T18:41:07.523781+00:00 DEBUG 'ansible_navigator.main' After rollback: lintables = 'Not set' (Constants/Not set)
2024-10-30T18:41:07.523795+00:00 DEBUG 'ansible_navigator.main' After rollback: log_append = 'Not set' (Constants/Not set)
2024-10-30T18:41:07.523811+00:00 DEBUG 'ansible_navigator.main' After rollback: log_file = 'Not set' (Constants/Not set)
2024-10-30T18:41:07.523826+00:00 DEBUG 'ansible_navigator.main' After rollback: log_level = 'Not set' (Constants/Not set)
2024-10-30T18:41:07.523840+00:00 DEBUG 'ansible_navigator.main' After rollback: mode = 'Not set' (Constants/Not set)
2024-10-30T18:41:07.523854+00:00 DEBUG 'ansible_navigator.main' After rollback: osc4 = 'Not set' (Constants/Not set)
2024-10-30T18:41:07.523868+00:00 DEBUG 'ansible_navigator.main' After rollback: pass_environment_variable = 'Not set' (Constants/Not set)
2024-10-30T18:41:07.523881+00:00 DEBUG 'ansible_navigator.main' After rollback: playbook = 'Not set' (Constants/Not set)
2024-10-30T18:41:07.523895+00:00 DEBUG 'ansible_navigator.main' After rollback: playbook_artifact_enable = 'Not set' (Constants/Not set)
2024-10-30T18:41:07.523908+00:00 DEBUG 'ansible_navigator.main' After rollback: playbook_artifact_replay = 'Not set' (Constants/Not set)
2024-10-30T18:41:07.523922+00:00 DEBUG 'ansible_navigator.main' After rollback: playbook_artifact_save_as = 'Not set' (Constants/Not set)
2024-10-30T18:41:07.523936+00:00 DEBUG 'ansible_navigator.main' After rollback: plugin_name = 'Not set' (Constants/Not set)
2024-10-30T18:41:07.523949+00:00 DEBUG 'ansible_navigator.main' After rollback: plugin_type = 'Not set' (Constants/Not set)
2024-10-30T18:41:07.523963+00:00 DEBUG 'ansible_navigator.main' After rollback: pull_arguments = 'Not set' (Constants/Not set)
2024-10-30T18:41:07.523977+00:00 DEBUG 'ansible_navigator.main' After rollback: pull_policy = 'Not set' (Constants/Not set)
2024-10-30T18:41:07.523990+00:00 DEBUG 'ansible_navigator.main' After rollback: set_environment_variable = 'Not set' (Constants/Not set)
2024-10-30T18:41:07.524004+00:00 DEBUG 'ansible_navigator.main' After rollback: settings_effective = 'Not set' (Constants/Not set)
2024-10-30T18:41:07.524018+00:00 DEBUG 'ansible_navigator.main' After rollback: settings_sample = 'Not set' (Constants/Not set)
2024-10-30T18:41:07.524033+00:00 DEBUG 'ansible_navigator.main' After rollback: settings_schema = 'Not set' (Constants/Not set)
2024-10-30T18:41:07.524047+00:00 DEBUG 'ansible_navigator.main' After rollback: settings_sources = 'Not set' (Constants/Not set)
2024-10-30T18:41:07.524060+00:00 DEBUG 'ansible_navigator.main' After rollback: time_zone = 'Not set' (Constants/Not set)
2024-10-30T18:41:07.524074+00:00 DEBUG 'ansible_navigator.main' After rollback: workdir = 'Not set' (Constants/Not set)
2024-10-30T18:41:07.524088+00:00 DEBUG 'ansible_navigator.main' Configuration rollback complete.
2024-10-30T18:41:07.524101+00:00 DEBUG 'ansible_navigator.main' Collection doc cache not mounted
2024-10-30T18:41:07.524121+00:00 WARNING 'ansible_navigator.main' Issues were found while applying the settings.
2024-10-30T18:41:07.524139+00:00 INFO 'ansible_navigator.main' Command provided: 'main.yml -m stdout -i ../../../../hosts'
2024-10-30T18:41:07.524157+00:00 ERROR 'ansible_navigator.main' argument {subcommand} --help: invalid choice: 'main.yml' (choose from 'builder', 'collections', 'config', 'doc', 'exec', 'images', 'inventory', 'lint', 'replay', 'run', 'settings', 'welcome')
2024-10-30T18:41:07.524174+00:00 INFO 'ansible_navigator.main' Configuration failed, using default log file location. (/home/nlarson/playbooks/utils/roles/lab_config/tasks/ansible-navigator.log) Log level set to debug
2024-10-30T18:41:07.524190+00:00 INFO 'ansible_navigator.main' Review the hints and log file to see what went wrong.
